<?xml version="1.0" encoding="UTF-8"?>
<!-- Generated by org.testng.reporters.JUnitReportReporter -->
<testsuite hostname="DESKTOP-95BQ4HS" failures="0" tests="1" name="OurGITPractice.OurGITPractice.AppTest" time="0.063" errors="0" timestamp="2025-04-25T12:53:56 IST" skipped="0">
  <testcase classname="OurGITPractice.OurGITPractice.AppTest" name="AppTest" time="0.063"/>
  <system-out/>
</testsuite> <!-- OurGITPractice.OurGITPractice.AppTest -->
